<?xml version="1.0" encoding="UTF-8"?>
<!-- Generated by org.testng.reporters.JUnitReportReporter -->
<testsuite skipped="0" hostname="user" name="sovimal.olymicid.tests.Olymicid_HomePageTest" tests="1" failures="0" timestamp="29 Jul 2020 19:17:09 GMT" time="48.086" errors="0">
  <testcase name="verifyEmailID" time="48.086" classname="sovimal.olymicid.tests.Olymicid_HomePageTest"/>
</testsuite> <!-- sovimal.olymicid.tests.Olymicid_HomePageTest -->
